<?xml version="1.0" encoding="UTF-8"?>
<testsuite xmlns:xsi="http://www.w3.org/2001/XMLSchema-instance" xsi:noNamespaceSchemaLocation="https://maven.apache.org/surefire/maven-surefire-plugin/xsd/surefire-test-report-3.0.xsd" version="3.0" name="org.acme.qute.HelloResourceTest" time="8.485" tests="1" errors="0" skipped="0" failures="0">
  <properties>
[...]
</properties>
  <testcase name="testEndpoint" classname="org.acme.qute.HelloResourceTest" time="1.783">
    <system-out><![CDATA[2022-05-16 11:12:56,859 INFO  [org.jbo.threads] (main) JBoss Threads version 3.4.2.Final
2022-05-16 11:12:59,414 INFO  [io.quarkus] (main) qute-quickstart 1.0.0-SNAPSHOT on JVM (powered by Quarkus 2.8.3.Final) started in 3.524s. Listening on: http://localhost:8081
2022-05-16 11:12:59,414 INFO  [io.quarkus] (main) Profile test activated. 
2022-05-16 11:12:59,415 INFO  [io.quarkus] (main) Installed features: [cdi, qute, resteasy-reactive, resteasy-reactive-qute, smallrye-context-propagation, vertx]
]]></system-out>
  </testcase>
</testsuite>